<?xml version="1.0" encoding="UTF-8"?>
<testng-results skipped="0" failed="0" ignored="0" total="1" passed="1">
  <reporter-output>
  </reporter-output>
  <suite name="Default suite" duration-ms="15501" started-at="2018-09-25T22:32:00Z" finished-at="2018-09-25T22:32:16Z">
    <groups>
    </groups>
    <test name="Default test" duration-ms="15501" started-at="2018-09-25T22:32:00Z" finished-at="2018-09-25T22:32:16Z">
      <class name="multipleWindow.HandlingMultipleWindow">
        <test-method status="PASS" signature="startBrowser()[pri:0, instance:multipleWindow.HandlingMultipleWindow@76f2b07d]" name="startBrowser" is-config="true" duration-ms="10068" started-at="2018-09-25T22:32:00Z" finished-at="2018-09-25T22:32:10Z">
          <reporter-output>
          </reporter-output>
        </test-method> <!-- startBrowser -->
        <test-method status="PASS" signature="TestPopUp()[pri:0, instance:multipleWindow.HandlingMultipleWindow@76f2b07d]" name="TestPopUp" duration-ms="3328" started-at="2018-09-25T22:32:10Z" finished-at="2018-09-25T22:32:14Z">
          <reporter-output>
          </reporter-output>
        </test-method> <!-- TestPopUp -->
        <test-method status="PASS" signature="tearDown()[pri:0, instance:multipleWindow.HandlingMultipleWindow@76f2b07d]" name="tearDown" is-config="true" duration-ms="2081" started-at="2018-09-25T22:32:14Z" finished-at="2018-09-25T22:32:16Z">
          <reporter-output>
          </reporter-output>
        </test-method> <!-- tearDown -->
      </class> <!-- multipleWindow.HandlingMultipleWindow -->
    </test> <!-- Default test -->
  </suite> <!-- Default suite -->
</testng-results>
